[07-May-2019 18:26:21 UTC] PHP Warning:  include(../dbConnection.php): failed to open stream: No such file or directory in /home/ubuntu/workspace/Final Project/Fort_ify/API/followPlayer.php on line 3
[07-May-2019 18:26:21 UTC] PHP Stack trace:
[07-May-2019 18:26:21 UTC] PHP   1. {main}() /home/ubuntu/workspace/Final Project/Fort_ify/API/followPlayer.php:0
[07-May-2019 18:26:21 UTC] PHP Warning:  include(): Failed opening '../dbConnection.php' for inclusion (include_path='.:/usr/share/php:/usr/share/pear') in /home/ubuntu/workspace/Final Project/Fort_ify/API/followPlayer.php on line 3
[07-May-2019 18:26:21 UTC] PHP Stack trace:
[07-May-2019 18:26:21 UTC] PHP   1. {main}() /home/ubuntu/workspace/Final Project/Fort_ify/API/followPlayer.php:0
[07-May-2019 18:26:21 UTC] PHP Fatal error:  Call to undefined function getDatabaseConnection() in /home/ubuntu/workspace/Final Project/Fort_ify/API/followPlayer.php on line 4
[07-May-2019 18:26:21 UTC] PHP Stack trace:
[07-May-2019 18:26:21 UTC] PHP   1. {main}() /home/ubuntu/workspace/Final Project/Fort_ify/API/followPlayer.php:0
[07-May-2019 18:34:30 UTC] PHP Warning:  json_decode() expects parameter 1 to be string, array given in /home/ubuntu/workspace/Final Project/Fort_ify/API/followPlayer.php on line 18
[07-May-2019 18:34:30 UTC] PHP Stack trace:
[07-May-2019 18:34:30 UTC] PHP   1. {main}() /home/ubuntu/workspace/Final Project/Fort_ify/API/followPlayer.php:0
[07-May-2019 18:34:30 UTC] PHP   2. json_decode() /home/ubuntu/workspace/Final Project/Fort_ify/API/followPlayer.php:18
[07-May-2019 18:50:01 UTC] PHP Warning:  json_decode() expects parameter 1 to be string, array given in /home/ubuntu/workspace/Final Project/Fort_ify/API/unfollowPlayer.php on line 20
[07-May-2019 18:50:01 UTC] PHP Stack trace:
[07-May-2019 18:50:01 UTC] PHP   1. {main}() /home/ubuntu/workspace/Final Project/Fort_ify/API/unfollowPlayer.php:0
[07-May-2019 18:50:01 UTC] PHP   2. json_decode() /home/ubuntu/workspace/Final Project/Fort_ify/API/unfollowPlayer.php:20
[07-May-2019 18:51:03 UTC] PHP Warning:  json_decode() expects parameter 1 to be string, array given in /home/ubuntu/workspace/Final Project/Fort_ify/API/unfollowPlayer.php on line 20
[07-May-2019 18:51:03 UTC] PHP Stack trace:
[07-May-2019 18:51:03 UTC] PHP   1. {main}() /home/ubuntu/workspace/Final Project/Fort_ify/API/unfollowPlayer.php:0
[07-May-2019 18:51:03 UTC] PHP   2. json_decode() /home/ubuntu/workspace/Final Project/Fort_ify/API/unfollowPlayer.php:20
[07-May-2019 18:51:05 UTC] PHP Warning:  json_decode() expects parameter 1 to be string, array given in /home/ubuntu/workspace/Final Project/Fort_ify/API/unfollowPlayer.php on line 20
[07-May-2019 18:51:05 UTC] PHP Stack trace:
[07-May-2019 18:51:05 UTC] PHP   1. {main}() /home/ubuntu/workspace/Final Project/Fort_ify/API/unfollowPlayer.php:0
[07-May-2019 18:51:05 UTC] PHP   2. json_decode() /home/ubuntu/workspace/Final Project/Fort_ify/API/unfollowPlayer.php:20
[07-May-2019 21:39:15 UTC] PHP Fatal error:  Uncaught exception 'PDOException' with message 'SQLSTATE[23000]: Integrity constraint violation: 1048 Column 'user_id' cannot be null' in /home/ubuntu/workspace/finalproject/Fort_ify/API/followPlayer.php:14
Stack trace:
#0 /home/ubuntu/workspace/finalproject/Fort_ify/API/followPlayer.php(14): PDOStatement->execute(Array)
#1 {main}
  thrown in /home/ubuntu/workspace/finalproject/Fort_ify/API/followPlayer.php on line 14
[07-May-2019 21:39:19 UTC] PHP Fatal error:  Uncaught exception 'PDOException' with message 'SQLSTATE[23000]: Integrity constraint violation: 1048 Column 'user_id' cannot be null' in /home/ubuntu/workspace/finalproject/Fort_ify/API/followPlayer.php:14
Stack trace:
#0 /home/ubuntu/workspace/finalproject/Fort_ify/API/followPlayer.php(14): PDOStatement->execute(Array)
#1 {main}
  thrown in /home/ubuntu/workspace/finalproject/Fort_ify/API/followPlayer.php on line 14
[07-May-2019 21:45:51 UTC] PHP Fatal error:  Uncaught exception 'PDOException' with message 'SQLSTATE[23000]: Integrity constraint violation: 1048 Column 'user_id' cannot be null' in /home/ubuntu/workspace/finalproject/Fort_ify/API/followPlayer.php:14
Stack trace:
#0 /home/ubuntu/workspace/finalproject/Fort_ify/API/followPlayer.php(14): PDOStatement->execute(Array)
#1 {main}
  thrown in /home/ubuntu/workspace/finalproject/Fort_ify/API/followPlayer.php on line 14
[07-May-2019 21:47:29 UTC] PHP Fatal error:  Uncaught exception 'PDOException' with message 'SQLSTATE[23000]: Integrity constraint violation: 1048 Column 'user_id' cannot be null' in /home/ubuntu/workspace/finalproject/Fort_ify/API/followPlayer.php:14
Stack trace:
#0 /home/ubuntu/workspace/finalproject/Fort_ify/API/followPlayer.php(14): PDOStatement->execute(Array)
#1 {main}
  thrown in /home/ubuntu/workspace/finalproject/Fort_ify/API/followPlayer.php on line 14
[07-May-2019 22:17:58 UTC] PHP Fatal error:  Uncaught exception 'PDOException' with message 'SQLSTATE[23000]: Integrity constraint violation: 1048 Column 'user_id' cannot be null' in /home/ubuntu/workspace/finalproject/Fort_ify/API/followPlayer.php:14
Stack trace:
#0 /home/ubuntu/workspace/finalproject/Fort_ify/API/followPlayer.php(14): PDOStatement->execute(Array)
#1 {main}
  thrown in /home/ubuntu/workspace/finalproject/Fort_ify/API/followPlayer.php on line 14
[07-May-2019 22:17:59 UTC] PHP Fatal error:  Uncaught exception 'PDOException' with message 'SQLSTATE[23000]: Integrity constraint violation: 1048 Column 'user_id' cannot be null' in /home/ubuntu/workspace/finalproject/Fort_ify/API/followPlayer.php:14
Stack trace:
#0 /home/ubuntu/workspace/finalproject/Fort_ify/API/followPlayer.php(14): PDOStatement->execute(Array)
#1 {main}
  thrown in /home/ubuntu/workspace/finalproject/Fort_ify/API/followPlayer.php on line 14
[07-May-2019 22:21:12 UTC] PHP Warning:  json_decode() expects parameter 1 to be string, array given in /home/ubuntu/workspace/finalproject/Fort_ify/API/followPlayer.php on line 18
[07-May-2019 22:21:12 UTC] PHP Stack trace:
[07-May-2019 22:21:12 UTC] PHP   1. {main}() /home/ubuntu/workspace/finalproject/Fort_ify/API/followPlayer.php:0
[07-May-2019 22:21:12 UTC] PHP   2. json_decode() /home/ubuntu/workspace/finalproject/Fort_ify/API/followPlayer.php:18
[07-May-2019 22:23:12 UTC] PHP Warning:  json_decode() expects parameter 1 to be string, array given in /home/ubuntu/workspace/finalproject/Fort_ify/API/unfollowPlayer.php on line 20
[07-May-2019 22:23:12 UTC] PHP Stack trace:
[07-May-2019 22:23:12 UTC] PHP   1. {main}() /home/ubuntu/workspace/finalproject/Fort_ify/API/unfollowPlayer.php:0
[07-May-2019 22:23:12 UTC] PHP   2. json_decode() /home/ubuntu/workspace/finalproject/Fort_ify/API/unfollowPlayer.php:20
[07-May-2019 22:24:05 UTC] PHP Warning:  json_decode() expects parameter 1 to be string, array given in /home/ubuntu/workspace/finalproject/Fort_ify/API/unfollowPlayer.php on line 20
[07-May-2019 22:24:05 UTC] PHP Stack trace:
[07-May-2019 22:24:05 UTC] PHP   1. {main}() /home/ubuntu/workspace/finalproject/Fort_ify/API/unfollowPlayer.php:0
[07-May-2019 22:24:05 UTC] PHP   2. json_decode() /home/ubuntu/workspace/finalproject/Fort_ify/API/unfollowPlayer.php:20
[07-May-2019 22:28:08 UTC] PHP Warning:  json_decode() expects parameter 1 to be string, array given in /home/ubuntu/workspace/finalproject/Fort_ify/API/unfollowPlayer.php on line 18
[07-May-2019 22:28:08 UTC] PHP Stack trace:
[07-May-2019 22:28:08 UTC] PHP   1. {main}() /home/ubuntu/workspace/finalproject/Fort_ify/API/unfollowPlayer.php:0
[07-May-2019 22:28:08 UTC] PHP   2. json_decode() /home/ubuntu/workspace/finalproject/Fort_ify/API/unfollowPlayer.php:18
[07-May-2019 22:30:12 UTC] PHP Warning:  json_decode() expects parameter 1 to be string, array given in /home/ubuntu/workspace/finalproject/Fort_ify/API/followPlayer.php on line 18
[07-May-2019 22:30:12 UTC] PHP Stack trace:
[07-May-2019 22:30:12 UTC] PHP   1. {main}() /home/ubuntu/workspace/finalproject/Fort_ify/API/followPlayer.php:0
[07-May-2019 22:30:12 UTC] PHP   2. json_decode() /home/ubuntu/workspace/finalproject/Fort_ify/API/followPlayer.php:18
[07-May-2019 22:32:12 UTC] PHP Fatal error:  Uncaught exception 'PDOException' with message 'SQLSTATE[42S22]: Column not found: 1054 Unknown column 'follower' in 'where clause'' in /home/ubuntu/workspace/finalproject/Fort_ify/API/unfollowPlayer.php:14
Stack trace:
#0 /home/ubuntu/workspace/finalproject/Fort_ify/API/unfollowPlayer.php(14): PDOStatement->execute(Array)
#1 {main}
  thrown in /home/ubuntu/workspace/finalproject/Fort_ify/API/unfollowPlayer.php on line 14
[07-May-2019 22:32:48 UTC] PHP Warning:  json_decode() expects parameter 1 to be string, array given in /home/ubuntu/workspace/finalproject/Fort_ify/API/unfollowPlayer.php on line 18
[07-May-2019 22:32:48 UTC] PHP Stack trace:
[07-May-2019 22:32:48 UTC] PHP   1. {main}() /home/ubuntu/workspace/finalproject/Fort_ify/API/unfollowPlayer.php:0
[07-May-2019 22:32:48 UTC] PHP   2. json_decode() /home/ubuntu/workspace/finalproject/Fort_ify/API/unfollowPlayer.php:18
[07-May-2019 22:41:40 UTC] PHP Fatal error:  Uncaught exception 'PDOException' with message 'SQLSTATE[42000]: Syntax error or access violation: 1064 You have an error in your SQL syntax; check the manual that corresponds to your MySQL server version for the right syntax to use near 'AND following_id = AgUACASRzjVHkjKvTIpbF3ibQPec' at line 1' in /home/ubuntu/workspace/finalproject/Fort_ify/API/unfollowPlayer.php:18
Stack trace:
#0 /home/ubuntu/workspace/finalproject/Fort_ify/API/unfollowPlayer.php(18): PDOStatement->execute(NULL)
#1 {main}
  thrown in /home/ubuntu/workspace/finalproject/Fort_ify/API/unfollowPlayer.php on line 18
[07-May-2019 22:43:22 UTC] PHP Fatal error:  Uncaught exception 'PDOException' with message 'SQLSTATE[42000]: Syntax error or access violation: 1064 You have an error in your SQL syntax; check the manual that corresponds to your MySQL server version for the right syntax to use near '' at line 1' in /home/ubuntu/workspace/finalproject/Fort_ify/API/unfollowPlayer.php:18
Stack trace:
#0 /home/ubuntu/workspace/finalproject/Fort_ify/API/unfollowPlayer.php(18): PDOStatement->execute(NULL)
#1 {main}
  thrown in /home/ubuntu/workspace/finalproject/Fort_ify/API/unfollowPlayer.php on line 18
[07-May-2019 22:45:10 UTC] PHP Fatal error:  Uncaught exception 'PDOException' with message 'SQLSTATE[42000]: Syntax error or access violation: 1064 You have an error in your SQL syntax; check the manual that corresponds to your MySQL server version for the right syntax to use near '' at line 1' in /home/ubuntu/workspace/finalproject/Fort_ify/API/unfollowPlayer.php:18
Stack trace:
#0 /home/ubuntu/workspace/finalproject/Fort_ify/API/unfollowPlayer.php(18): PDOStatement->execute(NULL)
#1 {main}
  thrown in /home/ubuntu/workspace/finalproject/Fort_ify/API/unfollowPlayer.php on line 18
[07-May-2019 22:46:09 UTC] PHP Warning:  json_decode() expects parameter 1 to be string, array given in /home/ubuntu/workspace/finalproject/Fort_ify/API/unfollowPlayer.php on line 22
[07-May-2019 22:46:09 UTC] PHP Stack trace:
[07-May-2019 22:46:09 UTC] PHP   1. {main}() /home/ubuntu/workspace/finalproject/Fort_ify/API/unfollowPlayer.php:0
[07-May-2019 22:46:09 UTC] PHP   2. json_decode() /home/ubuntu/workspace/finalproject/Fort_ify/API/unfollowPlayer.php:22
[07-May-2019 22:46:35 UTC] PHP Warning:  json_decode() expects parameter 1 to be string, array given in /home/ubuntu/workspace/finalproject/Fort_ify/API/followPlayer.php on line 18
[07-May-2019 22:46:35 UTC] PHP Stack trace:
[07-May-2019 22:46:35 UTC] PHP   1. {main}() /home/ubuntu/workspace/finalproject/Fort_ify/API/followPlayer.php:0
[07-May-2019 22:46:35 UTC] PHP   2. json_decode() /home/ubuntu/workspace/finalproject/Fort_ify/API/followPlayer.php:18
[07-May-2019 22:46:41 UTC] PHP Warning:  json_decode() expects parameter 1 to be string, array given in /home/ubuntu/workspace/finalproject/Fort_ify/API/unfollowPlayer.php on line 22
[07-May-2019 22:46:41 UTC] PHP Stack trace:
[07-May-2019 22:46:41 UTC] PHP   1. {main}() /home/ubuntu/workspace/finalproject/Fort_ify/API/unfollowPlayer.php:0
[07-May-2019 22:46:41 UTC] PHP   2. json_decode() /home/ubuntu/workspace/finalproject/Fort_ify/API/unfollowPlayer.php:22
[07-May-2019 22:47:00 UTC] PHP Warning:  json_decode() expects parameter 1 to be string, array given in /home/ubuntu/workspace/finalproject/Fort_ify/API/followPlayer.php on line 18
[07-May-2019 22:47:00 UTC] PHP Stack trace:
[07-May-2019 22:47:00 UTC] PHP   1. {main}() /home/ubuntu/workspace/finalproject/Fort_ify/API/followPlayer.php:0
[07-May-2019 22:47:00 UTC] PHP   2. json_decode() /home/ubuntu/workspace/finalproject/Fort_ify/API/followPlayer.php:18
[07-May-2019 22:47:26 UTC] PHP Warning:  json_decode() expects parameter 1 to be string, array given in /home/ubuntu/workspace/finalproject/Fort_ify/API/unfollowPlayer.php on line 22
[07-May-2019 22:47:26 UTC] PHP Stack trace:
[07-May-2019 22:47:26 UTC] PHP   1. {main}() /home/ubuntu/workspace/finalproject/Fort_ify/API/unfollowPlayer.php:0
[07-May-2019 22:47:26 UTC] PHP   2. json_decode() /home/ubuntu/workspace/finalproject/Fort_ify/API/unfollowPlayer.php:22
[07-May-2019 23:37:29 UTC] PHP Fatal error:  Uncaught exception 'PDOException' with message 'SQLSTATE[23000]: Integrity constraint violation: 1048 Column 'user_id' cannot be null' in /home/ubuntu/workspace/finalproject/Fort_ify/API/followPlayer.php:14
Stack trace:
#0 /home/ubuntu/workspace/finalproject/Fort_ify/API/followPlayer.php(14): PDOStatement->execute(Array)
#1 {main}
  thrown in /home/ubuntu/workspace/finalproject/Fort_ify/API/followPlayer.php on line 14
[07-May-2019 23:37:47 UTC] PHP Warning:  json_decode() expects parameter 1 to be string, array given in /home/ubuntu/workspace/finalproject/Fort_ify/API/followPlayer.php on line 18
[07-May-2019 23:37:47 UTC] PHP Stack trace:
[07-May-2019 23:37:47 UTC] PHP   1. {main}() /home/ubuntu/workspace/finalproject/Fort_ify/API/followPlayer.php:0
[07-May-2019 23:37:47 UTC] PHP   2. json_decode() /home/ubuntu/workspace/finalproject/Fort_ify/API/followPlayer.php:18
[07-May-2019 23:38:01 UTC] PHP Warning:  json_decode() expects parameter 1 to be string, array given in /home/ubuntu/workspace/finalproject/Fort_ify/API/unfollowPlayer.php on line 22
[07-May-2019 23:38:01 UTC] PHP Stack trace:
[07-May-2019 23:38:01 UTC] PHP   1. {main}() /home/ubuntu/workspace/finalproject/Fort_ify/API/unfollowPlayer.php:0
[07-May-2019 23:38:01 UTC] PHP   2. json_decode() /home/ubuntu/workspace/finalproject/Fort_ify/API/unfollowPlayer.php:22
[08-May-2019 00:50:27 UTC] PHP Warning:  json_decode() expects parameter 1 to be string, array given in /home/ubuntu/workspace/finalproject/Fort_ify/API/followPlayer.php on line 18
[08-May-2019 00:50:27 UTC] PHP Stack trace:
[08-May-2019 00:50:27 UTC] PHP   1. {main}() /home/ubuntu/workspace/finalproject/Fort_ify/API/followPlayer.php:0
[08-May-2019 00:50:27 UTC] PHP   2. json_decode() /home/ubuntu/workspace/finalproject/Fort_ify/API/followPlayer.php:18
[08-May-2019 00:50:40 UTC] PHP Warning:  json_decode() expects parameter 1 to be string, array given in /home/ubuntu/workspace/finalproject/Fort_ify/API/unfollowPlayer.php on line 22
[08-May-2019 00:50:40 UTC] PHP Stack trace:
[08-May-2019 00:50:40 UTC] PHP   1. {main}() /home/ubuntu/workspace/finalproject/Fort_ify/API/unfollowPlayer.php:0
[08-May-2019 00:50:40 UTC] PHP   2. json_decode() /home/ubuntu/workspace/finalproject/Fort_ify/API/unfollowPlayer.php:22
